#
# There is insufficient memory for the Java Runtime Environment to continue.
# Native memory allocation (mmap) failed to map 2863661056 bytes for committing reserved memory.
# Possible reasons:
#   The system is out of physical RAM or swap space
#   The process is running with CompressedOops enabled, and the Java Heap may be blocking the growth of the native heap
# Possible solutions:
#   Reduce memory load on the system
#   Increase physical memory or swap space
#   Check if swap backing store is full
#   Decrease Java heap size (-Xmx/-Xms)
#   Decrease number of Java threads
#   Decrease Java thread stack sizes (-Xss)
#   Set larger code cache with -XX:ReservedCodeCacheSize=
# This output file may be truncated or incomplete.
#
#  Out of Memory Error (os_linux.cpp:2749), pid=16720, tid=0x00007f0f7cae9700
#
# JRE version:  (8.0_211-b12) (build )
# Java VM: Java HotSpot(TM) 64-Bit Server VM (25.211-b12 mixed mode linux-amd64 compressed oops)
# Core dump written. Default location: /home/bryan/games/MCserver/core or core.16720
#

---------------  T H R E A D  ---------------

Current thread (0x00007f0f7800a000):  JavaThread "Unknown thread" [_thread_in_vm, id=16721, stack(0x00007f0f7c9ea000,0x00007f0f7caea000)]

Stack: [0x00007f0f7c9ea000,0x00007f0f7caea000],  sp=0x00007f0f7cae8570,  free space=1017k
Native frames: (J=compiled Java code, j=interpreted, Vv=VM code, C=native code)
V  [libjvm.so+0xad3455]  VMError::report_and_die()+0x2e5
V  [libjvm.so+0x4e0537]  report_vm_out_of_memory(char const*, int, unsigned long, VMErrorType, char const*)+0x67
V  [libjvm.so+0x910320]  os::pd_commit_memory(char*, unsigned long, unsigned long, bool)+0x100
V  [libjvm.so+0x90794f]  os::commit_memory(char*, unsigned long, unsigned long, bool)+0x1f
V  [libjvm.so+0x98c736]  PSVirtualSpace::expand_by(unsigned long)+0x56
V  [libjvm.so+0x97cfec]  PSOldGen::initialize(ReservedSpace, unsigned long, char const*, int)+0x8c
V  [libjvm.so+0x2bd00e]  AdjoiningGenerations::AdjoiningGenerations(ReservedSpace, GenerationSizer*, unsigned long)+0x2fe
V  [libjvm.so+0x93ac62]  ParallelScavengeHeap::initialize()+0x222
V  [libjvm.so+0xa9707a]  Universe::initialize_heap()+0x16a
V  [libjvm.so+0xa97363]  universe_init()+0x33
V  [libjvm.so+0x6321a0]  init_globals()+0x50
V  [libjvm.so+0xa79a99]  Threads::create_vm(JavaVMInitArgs*, bool*)+0x409
V  [libjvm.so+0x6d7d1f]  JNI_CreateJavaVM+0x4f
C  [libjli.so+0x7ee4]  JavaMain+0x84
C  [libpthread.so.0+0x85a2]  start_thread+0xf2


---------------  P R O C E S S  ---------------

Java Threads: ( => current thread )

Other Threads:

=>0x00007f0f7800a000 (exited) JavaThread "Unknown thread" [_thread_in_vm, id=16721, stack(0x00007f0f7c9ea000,0x00007f0f7caea000)]

VM state:not at safepoint (not fully initialized)

VM Mutex/Monitor currently owned by a thread: None

heap address: 0x00000006c0000000, size: 4096 MB, Compressed Oops mode: Non-zero based:0x00000006bffff000, Oop shift amount: 3
Narrow klass base: 0x0000000000000000, Narrow klass shift: 0

GC Heap History (0 events):
No events

Deoptimization events (0 events):
No events

Classes redefined (0 events):
No events

Internal exceptions (0 events):
No events

Events (0 events):
No events


Dynamic libraries:
00400000-00401000 r-xp 00000000 fd:00 398094                             /usr/java/jre1.8.0_211-amd64/bin/java
00600000-00601000 r--p 00000000 fd:00 398094                             /usr/java/jre1.8.0_211-amd64/bin/java
00601000-00602000 rw-p 00001000 fd:00 398094                             /usr/java/jre1.8.0_211-amd64/bin/java
00b31000-00b52000 rw-p 00000000 00:00 0                                  [heap]
76ab00000-7c0000000 rw-p 00000000 00:00 0 
7f0f6843f000-7f0f68994000 ---p 00000000 00:00 0 
7f0f68994000-7f0f68c4a000 rw-p 00000000 00:00 0 
7f0f68c4a000-7f0f69000000 ---p 00000000 00:00 0 
7f0f69000000-7f0f69270000 rwxp 00000000 00:00 0 
7f0f69270000-7f0f78000000 ---p 00000000 00:00 0 
7f0f78000000-7f0f78056000 rw-p 00000000 00:00 0 
7f0f78056000-7f0f7c000000 ---p 00000000 00:00 0 
7f0f7c0f0000-7f0f7c385000 rw-p 00000000 00:00 0 
7f0f7c385000-7f0f7c3a0000 r-xp 00000000 fd:00 398174                     /usr/java/jre1.8.0_211-amd64/lib/amd64/libzip.so
7f0f7c3a0000-7f0f7c59f000 ---p 0001b000 fd:00 398174                     /usr/java/jre1.8.0_211-amd64/lib/amd64/libzip.so
7f0f7c59f000-7f0f7c5a0000 r--p 0001a000 fd:00 398174                     /usr/java/jre1.8.0_211-amd64/lib/amd64/libzip.so
7f0f7c5a0000-7f0f7c5a1000 rw-p 0001b000 fd:00 398174                     /usr/java/jre1.8.0_211-amd64/lib/amd64/libzip.so
7f0f7c5a1000-7f0f7c5cd000 r-xp 00000000 fd:00 398140                     /usr/java/jre1.8.0_211-amd64/lib/amd64/libjava.so
7f0f7c5cd000-7f0f7c7cd000 ---p 0002c000 fd:00 398140                     /usr/java/jre1.8.0_211-amd64/lib/amd64/libjava.so
7f0f7c7cd000-7f0f7c7ce000 r--p 0002c000 fd:00 398140                     /usr/java/jre1.8.0_211-amd64/lib/amd64/libjava.so
7f0f7c7ce000-7f0f7c7d0000 rw-p 0002d000 fd:00 398140                     /usr/java/jre1.8.0_211-amd64/lib/amd64/libjava.so
7f0f7c7d0000-7f0f7c7dd000 r-xp 00000000 fd:00 398173                     /usr/java/jre1.8.0_211-amd64/lib/amd64/libverify.so
7f0f7c7dd000-7f0f7c9dc000 ---p 0000d000 fd:00 398173                     /usr/java/jre1.8.0_211-amd64/lib/amd64/libverify.so
7f0f7c9dc000-7f0f7c9de000 r--p 0000c000 fd:00 398173                     /usr/java/jre1.8.0_211-amd64/lib/amd64/libverify.so
7f0f7c9de000-7f0f7c9df000 rw-p 0000e000 fd:00 398173                     /usr/java/jre1.8.0_211-amd64/lib/amd64/libverify.so
7f0f7c9df000-7f0f7c9e1000 r--p 00000000 fd:00 269503                     /usr/lib64/librt-2.29.so
7f0f7c9e1000-7f0f7c9e5000 r-xp 00002000 fd:00 269503                     /usr/lib64/librt-2.29.so
7f0f7c9e5000-7f0f7c9e7000 r--p 00006000 fd:00 269503                     /usr/lib64/librt-2.29.so
7f0f7c9e7000-7f0f7c9e8000 r--p 00007000 fd:00 269503                     /usr/lib64/librt-2.29.so
7f0f7c9e8000-7f0f7c9e9000 rw-p 00008000 fd:00 269503                     /usr/lib64/librt-2.29.so
7f0f7c9e9000-7f0f7c9ea000 ---p 00000000 00:00 0 
7f0f7c9ea000-7f0f7c9ed000 ---p 00000000 00:00 0 
7f0f7c9ed000-7f0f7caea000 rw-p 00000000 00:00 0 
7f0f7caea000-7f0f7caf7000 r--p 00000000 fd:00 269436                     /usr/lib64/libm-2.29.so
7f0f7caf7000-7f0f7cb93000 r-xp 0000d000 fd:00 269436                     /usr/lib64/libm-2.29.so
7f0f7cb93000-7f0f7cc2e000 r--p 000a9000 fd:00 269436                     /usr/lib64/libm-2.29.so
7f0f7cc2e000-7f0f7cc2f000 r--p 00143000 fd:00 269436                     /usr/lib64/libm-2.29.so
7f0f7cc2f000-7f0f7cc30000 rw-p 00144000 fd:00 269436                     /usr/lib64/libm-2.29.so
7f0f7cc30000-7f0f7d918000 r-xp 00000000 fd:00 398178                     /usr/java/jre1.8.0_211-amd64/lib/amd64/server/libjvm.so
7f0f7d918000-7f0f7db17000 ---p 00ce8000 fd:00 398178                     /usr/java/jre1.8.0_211-amd64/lib/amd64/server/libjvm.so
7f0f7db17000-7f0f7dbad000 r--p 00ce7000 fd:00 398178                     /usr/java/jre1.8.0_211-amd64/lib/amd64/server/libjvm.so
7f0f7dbad000-7f0f7dbde000 rw-p 00d7d000 fd:00 398178                     /usr/java/jre1.8.0_211-amd64/lib/amd64/server/libjvm.so
7f0f7dbde000-7f0f7dc1b000 rw-p 00000000 00:00 0 
7f0f7dc1b000-7f0f7dc3d000 r--p 00000000 fd:00 269391                     /usr/lib64/libc-2.29.so
7f0f7dc3d000-7f0f7dd8a000 r-xp 00022000 fd:00 269391                     /usr/lib64/libc-2.29.so
7f0f7dd8a000-7f0f7ddd6000 r--p 0016f000 fd:00 269391                     /usr/lib64/libc-2.29.so
7f0f7ddd6000-7f0f7ddd7000 ---p 001bb000 fd:00 269391                     /usr/lib64/libc-2.29.so
7f0f7ddd7000-7f0f7dddb000 r--p 001bb000 fd:00 269391                     /usr/lib64/libc-2.29.so
7f0f7dddb000-7f0f7dddd000 rw-p 001bf000 fd:00 269391                     /usr/lib64/libc-2.29.so
7f0f7dddd000-7f0f7dde1000 rw-p 00000000 00:00 0 
7f0f7dde1000-7f0f7dde2000 r--p 00000000 fd:00 269432                     /usr/lib64/libdl-2.29.so
7f0f7dde2000-7f0f7dde4000 r-xp 00001000 fd:00 269432                     /usr/lib64/libdl-2.29.so
7f0f7dde4000-7f0f7dde5000 r--p 00003000 fd:00 269432                     /usr/lib64/libdl-2.29.so
7f0f7dde5000-7f0f7dde6000 r--p 00003000 fd:00 269432                     /usr/lib64/libdl-2.29.so
7f0f7dde6000-7f0f7dde7000 rw-p 00004000 fd:00 269432                     /usr/lib64/libdl-2.29.so
7f0f7dde7000-7f0f7ddfe000 r-xp 00000000 fd:00 398110                     /usr/java/jre1.8.0_211-amd64/lib/amd64/jli/libjli.so
7f0f7ddfe000-7f0f7dffd000 ---p 00017000 fd:00 398110                     /usr/java/jre1.8.0_211-amd64/lib/amd64/jli/libjli.so
7f0f7dffd000-7f0f7dffe000 r--p 00016000 fd:00 398110                     /usr/java/jre1.8.0_211-amd64/lib/amd64/jli/libjli.so
7f0f7dffe000-7f0f7dfff000 rw-p 00017000 fd:00 398110                     /usr/java/jre1.8.0_211-amd64/lib/amd64/jli/libjli.so
7f0f7dfff000-7f0f7e005000 r--p 00000000 fd:00 269486                     /usr/lib64/libpthread-2.29.so
7f0f7e005000-7f0f7e014000 r-xp 00006000 fd:00 269486                     /usr/lib64/libpthread-2.29.so
7f0f7e014000-7f0f7e01a000 r--p 00015000 fd:00 269486                     /usr/lib64/libpthread-2.29.so
7f0f7e01a000-7f0f7e01b000 r--p 0001a000 fd:00 269486                     /usr/lib64/libpthread-2.29.so
7f0f7e01b000-7f0f7e01c000 rw-p 0001b000 fd:00 269486                     /usr/lib64/libpthread-2.29.so
7f0f7e01c000-7f0f7e022000 rw-p 00000000 00:00 0 
7f0f7e023000-7f0f7e02b000 rw-s 00000000 00:2c 155930158                  /tmp/hsperfdata_bryan/16720
7f0f7e02b000-7f0f7e02d000 r--p 00000000 fd:00 269456                     /usr/lib64/libnss_compat-2.29.so
7f0f7e02d000-7f0f7e033000 r-xp 00002000 fd:00 269456                     /usr/lib64/libnss_compat-2.29.so
7f0f7e033000-7f0f7e035000 r--p 00008000 fd:00 269456                     /usr/lib64/libnss_compat-2.29.so
7f0f7e035000-7f0f7e036000 r--p 00009000 fd:00 269456                     /usr/lib64/libnss_compat-2.29.so
7f0f7e036000-7f0f7e037000 rw-p 0000a000 fd:00 269456                     /usr/lib64/libnss_compat-2.29.so
7f0f7e037000-7f0f7e038000 rw-p 00000000 00:00 0 
7f0f7e038000-7f0f7e039000 r--p 00000000 fd:00 269355                     /usr/lib64/ld-2.29.so
7f0f7e039000-7f0f7e059000 r-xp 00001000 fd:00 269355                     /usr/lib64/ld-2.29.so
7f0f7e059000-7f0f7e061000 r--p 00021000 fd:00 269355                     /usr/lib64/ld-2.29.so
7f0f7e061000-7f0f7e062000 r--p 00000000 00:00 0 
7f0f7e062000-7f0f7e063000 r--p 00029000 fd:00 269355                     /usr/lib64/ld-2.29.so
7f0f7e063000-7f0f7e064000 rw-p 0002a000 fd:00 269355                     /usr/lib64/ld-2.29.so
7f0f7e064000-7f0f7e065000 rw-p 00000000 00:00 0 
7ffed3153000-7ffed3174000 rw-p 00000000 00:00 0                          [stack]
7ffed31ac000-7ffed31af000 r--p 00000000 00:00 0                          [vvar]
7ffed31af000-7ffed31b0000 r-xp 00000000 00:00 0                          [vdso]
ffffffffff600000-ffffffffff601000 r-xp 00000000 00:00 0                  [vsyscall]

VM Arguments:
jvm_args: -Xms4G -Xmx4G 
java_command: ./minecraft_server.1.13.2.jar nogui
java_class_path (initial): ./minecraft_server.1.13.2.jar
Launcher Type: SUN_STANDARD

Environment Variables:
PATH=/home/bryan/.local/bin:/home/bryan/bin:/usr/lib64/ccache:/usr/local/bin:/usr/bin:/usr/local/sbin:/usr/sbin:/var/lib/snapd/snap/bin
SHELL=/bin/bash
DISPLAY=:1.0

Signal Handlers:
SIGSEGV: [libjvm.so+0xad3d90], sa_mask[0]=11111111011111111101111111111110, sa_flags=SA_RESTART|SA_SIGINFO
SIGBUS: [libjvm.so+0xad3d90], sa_mask[0]=11111111011111111101111111111110, sa_flags=SA_RESTART|SA_SIGINFO
SIGFPE: [libjvm.so+0x90b8b0], sa_mask[0]=11111111011111111101111111111110, sa_flags=SA_RESTART|SA_SIGINFO
SIGPIPE: [libjvm.so+0x90b8b0], sa_mask[0]=11111111011111111101111111111110, sa_flags=SA_RESTART|SA_SIGINFO
SIGXFSZ: [libjvm.so+0x90b8b0], sa_mask[0]=11111111011111111101111111111110, sa_flags=SA_RESTART|SA_SIGINFO
SIGILL: [libjvm.so+0x90b8b0], sa_mask[0]=11111111011111111101111111111110, sa_flags=SA_RESTART|SA_SIGINFO
SIGUSR1: SIG_DFL, sa_mask[0]=00000000000000000000000000000000, sa_flags=none
SIGUSR2: [libjvm.so+0x90b780], sa_mask[0]=00000000000000000000000000000000, sa_flags=SA_RESTART|SA_SIGINFO
SIGHUP: SIG_DFL, sa_mask[0]=00000000000000000000000000000000, sa_flags=none
SIGINT: SIG_DFL, sa_mask[0]=00000000000000000000000000000000, sa_flags=none
SIGTERM: SIG_DFL, sa_mask[0]=00000000000000000000000000000000, sa_flags=none
SIGQUIT: SIG_DFL, sa_mask[0]=00000000000000000000000000000000, sa_flags=none


---------------  S Y S T E M  ---------------

OS:Fedora release 30 (Thirty)

uname:Linux 5.0.9-301.fc30.x86_64 #1 SMP Tue Apr 23 23:57:35 UTC 2019 x86_64
libc:glibc 2.29 NPTL 2.29 
rlimit: STACK 8192k, CORE infinity, NPROC 63710, NOFILE 524288, AS infinity
load average:0.08 0.12 1.31

/proc/meminfo:
MemTotal:       16341892 kB
MemFree:         2116604 kB
MemAvailable:    2123768 kB
Buffers:           11624 kB
Cached:           188088 kB
SwapCached:       422112 kB
Active:         12224516 kB
Inactive:        1532576 kB
Active(anon):   12170920 kB
Inactive(anon):  1395676 kB
Active(file):      53596 kB
Inactive(file):   136900 kB
Unevictable:          32 kB
Mlocked:              32 kB
SwapTotal:       8237052 kB
SwapFree:           4108 kB
Dirty:                56 kB
Writeback:             0 kB
AnonPages:      13136180 kB
Mapped:            86672 kB
Shmem:              9972 kB
KReclaimable:     146664 kB
Slab:             294400 kB
SReclaimable:     146664 kB
SUnreclaim:       147736 kB
KernelStack:        7248 kB
PageTables:        52732 kB
NFS_Unstable:          0 kB
Bounce:                0 kB
WritebackTmp:          0 kB
CommitLimit:    16407996 kB
Committed_AS:   25539424 kB
VmallocTotal:   34359738367 kB
VmallocUsed:           0 kB
VmallocChunk:          0 kB
Percpu:             7808 kB
HardwareCorrupted:     0 kB
AnonHugePages:         0 kB
ShmemHugePages:        0 kB
ShmemPmdMapped:        0 kB
CmaTotal:              0 kB
CmaFree:               0 kB
HugePages_Total:       0
HugePages_Free:        0
HugePages_Rsvd:        0
HugePages_Surp:        0
Hugepagesize:       2048 kB
Hugetlb:               0 kB
DirectMap4k:      331252 kB
DirectMap2M:    13219840 kB
DirectMap1G:     3145728 kB

container (cgroup) information:
container_type: cgroupv1
cpu_cpuset_cpus: 0-5
cpu_memory_nodes: 0
active_processor_count: 6
cpu_quota: -1
cpu_period: 100000
cpu_shares: -1
memory_limit_in_bytes: -1
memory_and_swap_limit_in_bytes: -1
memory_soft_limit_in_bytes: -1
memory_usage_in_bytes: 345055232
memory_max_usage_in_bytes: 11988885504


CPU:total 6 (initial active 6) (6 cores per cpu, 1 threads per core) family 6 model 158 stepping 12, cmov, cx8, fxsr, mmx, sse, sse2, sse3, ssse3, sse4.1, sse4.2, popcnt, avx, avx2, aes, clmul, erms, rtm, 3dnowpref, lzcnt, tsc, tscinvbit, bmi1, bmi2, adx

/proc/cpuinfo:
processor	: 0
vendor_id	: GenuineIntel
cpu family	: 6
model		: 158
model name	: Intel(R) Core(TM) i5-9600K CPU @ 3.70GHz
stepping	: 12
microcode	: 0x9e
cpu MHz		: 2505.477
cache size	: 9216 KB
physical id	: 0
siblings	: 6
core id		: 0
cpu cores	: 6
apicid		: 0
initial apicid	: 0
fpu		: yes
fpu_exception	: yes
cpuid level	: 22
wp		: yes
flags		: fpu vme de pse tsc msr pae mce cx8 apic sep mtrr pge mca cmov pat pse36 clflush dts acpi mmx fxsr sse sse2 ss ht tm pbe syscall nx pdpe1gb rdtscp lm constant_tsc art arch_perfmon pebs bts rep_good nopl xtopology nonstop_tsc cpuid aperfmperf tsc_known_freq pni pclmulqdq dtes64 monitor ds_cpl vmx smx est tm2 ssse3 sdbg fma cx16 xtpr pdcm pcid sse4_1 sse4_2 x2apic movbe popcnt tsc_deadline_timer aes xsave avx f16c rdrand lahf_lm abm 3dnowprefetch cpuid_fault epb invpcid_single ssbd ibrs ibpb stibp tpr_shadow vnmi flexpriority ept vpid ept_ad fsgsbase tsc_adjust bmi1 hle avx2 smep bmi2 erms invpcid rtm mpx rdseed adx smap clflushopt intel_pt xsaveopt xsavec xgetbv1 xsaves dtherm ida arat pln pts hwp hwp_notify hwp_act_window hwp_epp flush_l1d arch_capabilities
bugs		: spectre_v1 spectre_v2 spec_store_bypass
bogomips	: 7392.00
clflush size	: 64
cache_alignment	: 64
address sizes	: 39 bits physical, 48 bits virtual
power management:

processor	: 1
vendor_id	: GenuineIntel
cpu family	: 6
model		: 158
model name	: Intel(R) Core(TM) i5-9600K CPU @ 3.70GHz
stepping	: 12
microcode	: 0x9e
cpu MHz		: 2383.815
cache size	: 9216 KB
physical id	: 0
siblings	: 6
core id		: 1
cpu cores	: 6
apicid		: 2
initial apicid	: 2
fpu		: yes
fpu_exception	: yes
cpuid level	: 22
wp		: yes
flags		: fpu vme de pse tsc msr pae mce cx8 apic sep mtrr pge mca cmov pat pse36 clflush dts acpi mmx fxsr sse sse2 ss ht tm pbe syscall nx pdpe1gb rdtscp lm constant_tsc art arch_perfmon pebs bts rep_good nopl xtopology nonstop_tsc cpuid aperfmperf tsc_known_freq pni pclmulqdq dtes64 monitor ds_cpl vmx smx est tm2 ssse3 sdbg fma cx16 xtpr pdcm pcid sse4_1 sse4_2 x2apic movbe popcnt tsc_deadline_timer aes xsave avx f16c rdrand lahf_lm abm 3dnowprefetch cpuid_fault epb invpcid_single ssbd ibrs ibpb stibp tpr_shadow vnmi flexpriority ept vpid ept_ad fsgsbase tsc_adjust bmi1 hle avx2 smep bmi2 erms invpcid rtm mpx rdseed adx smap clflushopt intel_pt xsaveopt xsavec xgetbv1 xsaves dtherm ida arat pln pts hwp hwp_notify hwp_act_window hwp_epp flush_l1d arch_capabilities
bugs		: spectre_v1 spectre_v2 spec_store_bypass
bogomips	: 7392.00
clflush size	: 64
cache_alignment	: 64
address sizes	: 39 bits physical, 48 bits virtual
power management:

processor	: 2
vendor_id	: GenuineIntel
cpu family	: 6
model		: 158
model name	: Intel(R) Core(TM) i5-9600K CPU @ 3.70GHz
stepping	: 12
microcode	: 0x9e
cpu MHz		: 2415.830
cache size	: 9216 KB
physical id	: 0
siblings	: 6
core id		: 2
cpu cores	: 6
apicid		: 4
initial apicid	: 4
fpu		: yes
fpu_exception	: yes
cpuid level	: 22
wp		: yes
flags		: fpu vme de pse tsc msr pae mce cx8 apic sep mtrr pge mca cmov pat pse36 clflush dts acpi mmx fxsr sse sse2 ss ht tm pbe syscall nx pdpe1gb rdtscp lm constant_tsc art arch_perfmon pebs bts rep_good nopl xtopology nonstop_tsc cpuid aperfmperf tsc_known_freq pni pclmulqdq dtes64 monitor ds_cpl vmx smx est tm2 ssse3 sdbg fma cx16 xtpr pdcm pcid sse4_1 sse4_2 x2apic movbe popcnt tsc_deadline_timer aes xsave avx f16c rdrand lahf_lm abm 3dnowprefetch cpuid_fault epb invpcid_single ssbd ibrs ibpb stibp tpr_shadow vnmi flexpriority ept vpid ept_ad fsgsbase tsc_adjust bmi1 hle avx2 smep bmi2 erms invpcid rtm mpx rdseed adx smap clflushopt intel_pt xsaveopt xsavec xgetbv1 xsaves dtherm ida arat pln pts hwp hwp_notify hwp_act_window hwp_epp flush_l1d arch_capabilities
bugs		: spectre_v1 spectre_v2 spec_store_bypass
bogomips	: 7392.00
clflush size	: 64
cache_alignment	: 64
address sizes	: 39 bits physical, 48 bits virtual
power management:

processor	: 3
vendor_id	: GenuineIntel
cpu family	: 6
model		: 158
model name	: Intel(R) Core(TM) i5-9600K CPU @ 3.70GHz
stepping	: 12
microcode	: 0x9e
cpu MHz		: 2555.607
cache size	: 9216 KB
physical id	: 0
siblings	: 6
core id		: 3
cpu cores	: 6
apicid		: 6
initial apicid	: 6
fpu		: yes
fpu_exception	: yes
cpuid level	: 22
wp		: yes
flags		: fpu vme de pse tsc msr pae mce cx8 apic sep mtrr pge mca cmov pat pse36 clflush dts acpi mmx fxsr sse sse2 ss ht tm pbe syscall nx pdpe1gb rdtscp lm constant_tsc art arch_perfmon pebs bts rep_good nopl xtopology nonstop_tsc cpuid aperfmperf tsc_known_freq pni pclmulqdq dtes64 monitor ds_cpl vmx smx est tm2 ssse3 sdbg fma cx16 xtpr pdcm pcid sse4_1 sse4_2 x2apic movbe popcnt tsc_deadline_timer aes xsave avx f16c rdrand lahf_lm abm 3dnowprefetch cpuid_fault epb invpcid_single ssbd ibrs ibpb stibp tpr_shadow vnmi flexpriority ept vpid ept_ad fsgsbase tsc_adjust bmi1 hle avx2 smep bmi2 erms invpcid rtm mpx rdseed adx smap clflushopt intel_pt xsaveopt xsavec xgetbv1 xsaves dtherm ida arat pln pts hwp hwp_notify hwp_act_window hwp_epp flush_l1d arch_capabilities
bugs		: spectre_v1 spectre_v2 spec_store_bypass
bogomips	: 7392.00
clflush size	: 64
cache_alignment	: 64
address sizes	: 39 bits physical, 48 bits virtual
power management:

processor	: 4
vendor_id	: GenuineIntel
cpu family	: 6
model		: 158
model name	: Intel(R) Core(TM) i5-9600K CPU @ 3.70GHz
stepping	: 12
microcode	: 0x9e
cpu MHz		: 2697.769
cache size	: 9216 KB
physical id	: 0
siblings	: 6
core id		: 4
cpu cores	: 6
apicid		: 8
initial apicid	: 8
fpu		: yes
fpu_exception	: yes
cpuid level	: 22
wp		: yes
flags		: fpu vme de pse tsc msr pae mce cx8 apic sep mtrr pge mca cmov pat pse36 clflush dts acpi mmx fxsr sse sse2 ss ht tm pbe syscall nx pdpe1gb rdtscp lm constant_tsc art arch_perfmon pebs bts rep_good nopl xtopology nonstop_tsc cpuid aperfmperf tsc_known_freq pni pclmulqdq dtes64 monitor ds_cpl vmx smx est tm2 ssse3 sdbg fma cx16 xtpr pdcm pcid sse4_1 sse4_2 x2apic movbe popcnt tsc_deadline_timer aes xsave avx f16c rdrand lahf_lm abm 3dnowprefetch cpuid_fault epb invpcid_single ssbd ibrs ibpb stibp tpr_shadow vnmi flexpriority ept vpid ept_ad fsgsbase tsc_adjust bmi1 hle avx2 smep bmi2 erms invpcid rtm mpx rdseed adx smap clflushopt intel_pt xsaveopt xsavec xgetbv1 xsaves dtherm ida arat pln pts hwp hwp_notify hwp_act_window hwp_epp flush_l1d arch_capabilities
bugs		: spectre_v1 spectre_v2 spec_store_bypass
bogomips	: 7392.00
clflush size	: 64
cache_alignment	: 64
address sizes	: 39 bits physical, 48 bits virtual
power management:

processor	: 5
vendor_id	: GenuineIntel
cpu family	: 6
model		: 158
model name	: Intel(R) Core(TM) i5-9600K CPU @ 3.70GHz
stepping	: 12
microcode	: 0x9e
cpu MHz		: 2622.122
cache size	: 9216 KB
physical id	: 0
siblings	: 6
core id		: 5
cpu cores	: 6
apicid		: 10
initial apicid	: 10
fpu		: yes
fpu_exception	: yes
cpuid level	: 22
wp		: yes
flags		: fpu vme de pse tsc msr pae mce cx8 apic sep mtrr pge mca cmov pat pse36 clflush dts acpi mmx fxsr sse sse2 ss ht tm pbe syscall nx pdpe1gb rdtscp lm constant_tsc art arch_perfmon pebs bts rep_good nopl xtopology nonstop_tsc cpuid aperfmperf tsc_known_freq pni pclmulqdq dtes64 monitor ds_cpl vmx smx est tm2 ssse3 sdbg fma cx16 xtpr pdcm pcid sse4_1 sse4_2 x2apic movbe popcnt tsc_deadline_timer aes xsave avx f16c rdrand lahf_lm abm 3dnowprefetch cpuid_fault epb invpcid_single ssbd ibrs ibpb stibp tpr_shadow vnmi flexpriority ept vpid ept_ad fsgsbase tsc_adjust bmi1 hle avx2 smep bmi2 erms invpcid rtm mpx rdseed adx smap clflushopt intel_pt xsaveopt xsavec xgetbv1 xsaves dtherm ida arat pln pts hwp hwp_notify hwp_act_window hwp_epp flush_l1d arch_capabilities
bugs		: spectre_v1 spectre_v2 spec_store_bypass
bogomips	: 7392.00
clflush size	: 64
cache_alignment	: 64
address sizes	: 39 bits physical, 48 bits virtual
power management:



Memory: 4k page, physical 16341892k(2116604k free), swap 8237052k(4108k free)

vm_info: Java HotSpot(TM) 64-Bit Server VM (25.211-b12) for linux-amd64 JRE (1.8.0_211-b12), built on Apr  1 2019 20:39:34 by "java_re" with gcc 7.3.0

time: Thu May 30 15:41:36 2019
timezone: EDT
elapsed time: 0 seconds (0d 0h 0m 0s)

