[11:08:28] [main/WARN]: Ambiguity between arguments [teleport, destination] and [teleport, targets] with inputs: [Player, 0123, @e, dd12be42-52a9-4a91-a8a1-11c01849e498]
[11:08:28] [main/WARN]: Ambiguity between arguments [teleport, location] and [teleport, destination] with inputs: [0.1 -0.5 .9, 0 0 0]
[11:08:28] [main/WARN]: Ambiguity between arguments [teleport, location] and [teleport, targets] with inputs: [0.1 -0.5 .9, 0 0 0]
[11:08:28] [main/WARN]: Ambiguity between arguments [teleport, targets] and [teleport, destination] with inputs: [Player, 0123, dd12be42-52a9-4a91-a8a1-11c01849e498]
[11:08:28] [main/WARN]: Ambiguity between arguments [teleport, targets, location] and [teleport, targets, destination] with inputs: [0.1 -0.5 .9, 0 0 0]
[11:08:28] [main/INFO]: Loaded 0 recipes
[11:08:28] [main/INFO]: Loaded 0 advancements
[11:08:28] [Server thread/INFO]: Starting minecraft server version 1.13.2
[11:08:28] [Server thread/INFO]: Loading properties
[11:08:28] [Server thread/INFO]: Default game type: SURVIVAL
[11:08:28] [Server thread/INFO]: Generating keypair
[11:08:28] [Server thread/INFO]: Starting Minecraft server on *:25565
[11:08:28] [Server thread/INFO]: Using default channel type
[11:08:29] [Server thread/WARN]: **** FAILED TO BIND TO PORT!
[11:08:29] [Server thread/WARN]: The exception was: java.net.BindException: Address already in use: bind
[11:08:29] [Server thread/WARN]: Perhaps a server is already running on that port?
[11:08:29] [Server thread/INFO]: Stopping server
[11:08:29] [Server thread/INFO]: Saving worlds
[11:08:29] [Server Shutdown Thread/INFO]: Stopping server
[11:08:29] [Server Shutdown Thread/INFO]: Saving worlds
