[11:07:49] [main/WARN]: Ambiguity between arguments [teleport, destination] and [teleport, targets] with inputs: [Player, 0123, @e, dd12be42-52a9-4a91-a8a1-11c01849e498]
[11:07:49] [main/WARN]: Ambiguity between arguments [teleport, location] and [teleport, destination] with inputs: [0.1 -0.5 .9, 0 0 0]
[11:07:49] [main/WARN]: Ambiguity between arguments [teleport, location] and [teleport, targets] with inputs: [0.1 -0.5 .9, 0 0 0]
[11:07:49] [main/WARN]: Ambiguity between arguments [teleport, targets] and [teleport, destination] with inputs: [Player, 0123, dd12be42-52a9-4a91-a8a1-11c01849e498]
[11:07:49] [main/WARN]: Ambiguity between arguments [teleport, targets, location] and [teleport, targets, destination] with inputs: [0.1 -0.5 .9, 0 0 0]
[11:07:49] [main/INFO]: Loaded 0 recipes
[11:07:49] [main/INFO]: Loaded 0 advancements
[11:07:49] [Server thread/INFO]: Starting minecraft server version 1.13.2
[11:07:49] [Server thread/INFO]: Loading properties
[11:07:49] [Server console handler/ERROR]: Exception handling console input
java.io.IOException: The handle is invalid
	at java.io.FileInputStream.readBytes(Native Method) ~[?:1.8.0_201]
	at java.io.FileInputStream.read(Unknown Source) ~[?:1.8.0_201]
	at java.io.BufferedInputStream.read1(Unknown Source) ~[?:1.8.0_201]
	at java.io.BufferedInputStream.read(Unknown Source) ~[?:1.8.0_201]
	at sun.nio.cs.StreamDecoder.readBytes(Unknown Source) ~[?:1.8.0_201]
	at sun.nio.cs.StreamDecoder.implRead(Unknown Source) ~[?:1.8.0_201]
	at sun.nio.cs.StreamDecoder.read(Unknown Source) ~[?:1.8.0_201]
	at java.io.InputStreamReader.read(Unknown Source) ~[?:1.8.0_201]
	at java.io.BufferedReader.fill(Unknown Source) ~[?:1.8.0_201]
	at java.io.BufferedReader.readLine(Unknown Source) ~[?:1.8.0_201]
	at java.io.BufferedReader.readLine(Unknown Source) ~[?:1.8.0_201]
	at so$2.run(SourceFile:110) [server.jar:?]
[11:07:49] [Server thread/INFO]: Default game type: SURVIVAL
[11:07:49] [Server thread/INFO]: Generating keypair
[11:07:50] [Server thread/INFO]: Starting Minecraft server on *:25565
[11:07:50] [Server thread/INFO]: Using default channel type
[11:07:50] [Server thread/INFO]: Preparing level "world"
[11:07:50] [Server thread/INFO]: Reloading ResourceManager: Default
[11:07:51] [Server thread/INFO]: Loaded 524 recipes
[11:07:52] [Server thread/INFO]: Loaded 571 advancements
[11:07:52] [Server thread/ERROR]: Error loading saved data: villages
java.util.zip.ZipException: Not in GZIP format
	at java.util.zip.GZIPInputStream.readHeader(Unknown Source) ~[?:1.8.0_201]
	at java.util.zip.GZIPInputStream.<init>(Unknown Source) ~[?:1.8.0_201]
	at java.util.zip.GZIPInputStream.<init>(Unknown Source) ~[?:1.8.0_201]
	at hi.a(SourceFile:25) ~[server.jar:?]
	at cby.a(SourceFile:117) ~[server.jar:?]
	at cby.a(SourceFile:52) [server.jar:?]
	at cck.a(SourceFile:31) [server.jar:?]
	at ayf.a(SourceFile:20) [server.jar:?]
	at td.i_(SourceFile:141) [server.jar:?]
	at net.minecraft.server.MinecraftServer.a(SourceFile:352) [server.jar:?]
	at net.minecraft.server.MinecraftServer.a(SourceFile:341) [server.jar:?]
	at so.d(SourceFile:251) [server.jar:?]
	at net.minecraft.server.MinecraftServer.run(SourceFile:566) [server.jar:?]
	at java.lang.Thread.run(Unknown Source) [?:1.8.0_201]
[11:07:52] [Server thread/ERROR]: Error loading saved data: villages_nether
java.util.zip.ZipException: Not in GZIP format
	at java.util.zip.GZIPInputStream.readHeader(Unknown Source) ~[?:1.8.0_201]
	at java.util.zip.GZIPInputStream.<init>(Unknown Source) ~[?:1.8.0_201]
	at java.util.zip.GZIPInputStream.<init>(Unknown Source) ~[?:1.8.0_201]
	at hi.a(SourceFile:25) ~[server.jar:?]
	at cby.a(SourceFile:117) ~[server.jar:?]
	at cby.a(SourceFile:52) [server.jar:?]
	at cck.a(SourceFile:31) [server.jar:?]
	at ayf.a(SourceFile:20) [server.jar:?]
	at sy.b(SourceFile:65) [server.jar:?]
	at net.minecraft.server.MinecraftServer.a(SourceFile:363) [server.jar:?]
	at net.minecraft.server.MinecraftServer.a(SourceFile:341) [server.jar:?]
	at so.d(SourceFile:251) [server.jar:?]
	at net.minecraft.server.MinecraftServer.run(SourceFile:566) [server.jar:?]
	at java.lang.Thread.run(Unknown Source) [?:1.8.0_201]
[11:07:52] [Server thread/ERROR]: Error loading saved data: villages_end
java.util.zip.ZipException: Not in GZIP format
	at java.util.zip.GZIPInputStream.readHeader(Unknown Source) ~[?:1.8.0_201]
	at java.util.zip.GZIPInputStream.<init>(Unknown Source) ~[?:1.8.0_201]
	at java.util.zip.GZIPInputStream.<init>(Unknown Source) ~[?:1.8.0_201]
	at hi.a(SourceFile:25) ~[server.jar:?]
	at cby.a(SourceFile:117) ~[server.jar:?]
	at cby.a(SourceFile:52) [server.jar:?]
	at cck.a(SourceFile:31) [server.jar:?]
	at ayf.a(SourceFile:20) [server.jar:?]
	at sy.b(SourceFile:65) [server.jar:?]
	at net.minecraft.server.MinecraftServer.a(SourceFile:370) [server.jar:?]
	at net.minecraft.server.MinecraftServer.a(SourceFile:341) [server.jar:?]
	at so.d(SourceFile:251) [server.jar:?]
	at net.minecraft.server.MinecraftServer.run(SourceFile:566) [server.jar:?]
	at java.lang.Thread.run(Unknown Source) [?:1.8.0_201]
[11:07:52] [Server thread/INFO]: Preparing start region for dimension minecraft:overworld
[11:07:52] [Server thread/INFO]: Preparing spawn area: 4%
[11:07:53] [Server thread/INFO]: Preparing spawn area: 8%
[11:07:53] [Server thread/INFO]: Preparing spawn area: 12%
[11:07:53] [Server thread/INFO]: Preparing spawn area: 16%
[11:07:53] [Server thread/INFO]: Preparing spawn area: 20%
[11:07:53] [Server thread/INFO]: Preparing spawn area: 24%
[11:07:53] [Server thread/INFO]: Preparing spawn area: 28%
[11:07:53] [Server thread/INFO]: Preparing spawn area: 32%
[11:07:53] [Server thread/INFO]: Preparing spawn area: 36%
[11:07:53] [Server thread/INFO]: Preparing spawn area: 40%
[11:07:53] [Server thread/INFO]: Preparing spawn area: 44%
[11:07:53] [Server thread/INFO]: Preparing spawn area: 48%
[11:07:53] [Server thread/INFO]: Preparing spawn area: 52%
[11:07:53] [Server thread/INFO]: Preparing spawn area: 56%
[11:07:53] [Server thread/INFO]: Preparing spawn area: 60%
[11:07:53] [Server thread/INFO]: Preparing spawn area: 64%
[11:07:53] [Server thread/INFO]: Preparing spawn area: 68%
[11:07:53] [Server thread/INFO]: Preparing spawn area: 72%
[11:07:53] [Server thread/INFO]: Preparing spawn area: 76%
[11:07:53] [Server thread/INFO]: Preparing spawn area: 80%
[11:07:53] [Server thread/INFO]: Preparing spawn area: 84%
[11:07:53] [Server thread/INFO]: Preparing spawn area: 88%
[11:07:53] [Server thread/INFO]: Preparing spawn area: 92%
[11:07:53] [Server thread/INFO]: Preparing spawn area: 96%
[11:07:53] [Server thread/INFO]: Preparing spawn area: 100%
[11:07:53] [Server thread/INFO]: Time elapsed: 844 ms
[11:07:53] [Server thread/INFO]: Done (2.832s)! For help, type "help"
