[06:46:05] [main/WARN]: Ambiguity between arguments [teleport, destination] and [teleport, targets] with inputs: [Player, 0123, @e, dd12be42-52a9-4a91-a8a1-11c01849e498]
[06:46:05] [main/WARN]: Ambiguity between arguments [teleport, location] and [teleport, destination] with inputs: [0.1 -0.5 .9, 0 0 0]
[06:46:05] [main/WARN]: Ambiguity between arguments [teleport, location] and [teleport, targets] with inputs: [0.1 -0.5 .9, 0 0 0]
[06:46:05] [main/WARN]: Ambiguity between arguments [teleport, targets] and [teleport, destination] with inputs: [Player, 0123, dd12be42-52a9-4a91-a8a1-11c01849e498]
[06:46:05] [main/WARN]: Ambiguity between arguments [teleport, targets, location] and [teleport, targets, destination] with inputs: [0.1 -0.5 .9, 0 0 0]
[06:46:05] [Server thread/INFO]: Starting minecraft server version 1.14.4
[06:46:05] [Server thread/INFO]: Loading properties
[06:46:05] [Server thread/INFO]: Default game type: SURVIVAL
[06:46:05] [Server thread/INFO]: Generating keypair
[06:46:05] [Server thread/INFO]: Starting Minecraft server on 192.168.1.101:25565
[06:46:05] [Server thread/INFO]: Using epoll channel type
[06:46:05] [Server thread/INFO]: Preparing level "Derpaderp"
[06:46:05] [Server thread/INFO]: Reloading ResourceManager: Default, customizable armor stands v2.4.0.zip, item averages v1.2.1.zip, more mob heads v2.1.0.zip, multiplayer sleep v1.0.1.zip, spawning spheres v1.0.0.zip
[06:46:06] [Server thread/INFO]: Loaded 6 recipes
[06:46:06] [Server thread/WARN]: Found validation problem in {minecraft:entities/shulker}.pools[2].entries[0]: Unknown loot table called minecraft:entities/reference/extra/shulker
[06:46:06] [Server thread/WARN]: Found validation problem in {minecraft:entities/ender_dragon}.pools[0].entries[0]: Unknown loot table called minecraft:entities/reference/extra/ender_dragon
[06:46:07] [Server thread/INFO]: Loaded 76 custom command functions
[06:46:07] [Server thread/INFO]: Loaded 819 advancements
[06:46:07] [Server thread/INFO]: Preparing start region for dimension minecraft:overworld
[06:46:08] [Server thread/INFO]: Preparing spawn area: 0%
[06:46:08] [Server thread/INFO]: Preparing spawn area: 0%
[06:46:08] [Server thread/INFO]: Preparing spawn area: 0%
[06:46:10] [Server-Worker-5/INFO]: Preparing spawn area: 0%
[06:46:10] [Server-Worker-5/INFO]: Preparing spawn area: 0%
[06:46:10] [Server-Worker-5/INFO]: Preparing spawn area: 0%
[06:46:10] [Server-Worker-5/INFO]: Preparing spawn area: 0%
[06:46:10] [Server thread/INFO]: Time elapsed: 3344 ms
[06:46:10] [Server thread/INFO]: Done (4.989s)! For help, type "help"
[06:46:10] [Server thread/INFO]: Starting GS4 status listener
[06:46:10] [Query Listener #1/INFO]: Query running on 192.168.1.101:25565
[06:46:36] [Server thread/INFO]: [Server] SERVER SHUTTING DOWN IN 15 SECONDS...
[06:46:41] [Server thread/INFO]: [Server] SERVER SHUTTING DOWN IN 10 SECONDS...
[06:46:46] [Server thread/INFO]: [Server] SERVER SHUTTING DOWN IN 5 SECONDS...
[06:46:51] [Server thread/INFO]: Saving the game (this may take a moment!)
[06:46:52] [Server thread/INFO]: Saved the game
[06:46:52] [Server thread/INFO]: Stopping the server
[06:46:52] [Server thread/INFO]: Stopping server
[06:46:52] [Server thread/INFO]: Saving players
[06:46:52] [Server thread/INFO]: Saving worlds
[06:46:52] [Server thread/INFO]: Saving chunks for level 'Derpaderp'/minecraft:the_nether
[06:46:52] [Server thread/INFO]: ThreadedAnvilChunkStorage (DIM-1): All chunks are saved
[06:46:52] [Server thread/INFO]: Saving chunks for level 'Derpaderp'/minecraft:overworld
[06:46:52] [Server thread/INFO]: ThreadedAnvilChunkStorage (Derpaderp): All chunks are saved
[06:46:52] [Server thread/INFO]: Saving chunks for level 'Derpaderp'/minecraft:the_end
[06:46:52] [Server thread/INFO]: ThreadedAnvilChunkStorage (DIM1): All chunks are saved
[06:46:52] [Server thread/INFO]: ThreadedAnvilChunkStorage (DIM-1): All chunks are saved
[06:46:52] [Server thread/INFO]: ThreadedAnvilChunkStorage (Derpaderp): All chunks are saved
[06:46:52] [Server thread/INFO]: ThreadedAnvilChunkStorage (DIM1): All chunks are saved
